timestamp: 2020-06-04T04:50:27.920814
CREATE TABLE "py4web_session"(
    "id" INTEGER PRIMARY KEY AUTOINCREMENT,
    "rkey" CHAR(512),
    "rvalue" TEXT,
    "expiration" INTEGER,
    "created_on" TIMESTAMP,
    "expires_on" TIMESTAMP
);
success!
timestamp: 2020-06-04T04:50:27.930811
CREATE TABLE "auth_user"(
    "id" INTEGER PRIMARY KEY AUTOINCREMENT,
    "email" CHAR(512) UNIQUE,
    "password" CHAR(512),
    "first_name" CHAR(512),
    "last_name" CHAR(512),
    "sso_id" CHAR(512),
    "action_token" CHAR(512),
    "last_password_change" TIMESTAMP
);
success!
timestamp: 2020-06-04T04:50:27.937809
CREATE TABLE "auth_user_tag_groups"(
    "id" INTEGER PRIMARY KEY AUTOINCREMENT,
    "path" CHAR(512),
    "record_id" INTEGER REFERENCES "auth_user" ("id") ON DELETE CASCADE  
);
success!
timestamp: 2020-06-04T07:07:01.915435
CREATE TABLE "post"(
    "id" INTEGER PRIMARY KEY AUTOINCREMENT,
    "email" CHAR(512),
    "content" TEXT,
    "post_date" TIMESTAMP,
    "is_reply" INTEGER REFERENCES "post" ("id") ON DELETE CASCADE  
);
success!
timestamp: 2020-06-04T09:31:10.168034
ALTER TABLE "post" ADD "title" TEXT;
success!
timestamp: 2020-06-04T09:41:04.575767
ALTER TABLE "post" ADD "color" TEXT;
success!
timestamp: 2020-06-04T12:46:12.232820
ALTER TABLE "post" ADD "favorite" CHAR(1);
success!
success!
success!
success!
timestamp: 2020-06-04T13:02:53.258013
ALTER TABLE "post" ADD "last_update" TIMESTAMP;
success!
success!
success!
success!
success!
success!
success!
success!
success!
success!
success!
success!
success!
success!
success!
success!
success!
success!
success!
success!
success!
success!
success!
success!
success!
success!
success!
success!
success!
success!
success!
success!
success!
success!
success!
success!
success!
success!
success!
success!
success!
success!
success!
success!
success!
success!
success!
success!
success!
success!
success!
success!
success!
success!
success!
success!
success!
success!
success!
success!
success!
success!
